<?xml version="1.0" encoding="UTF-8"?>
<testng-results skipped="0" failed="0" ignored="0" total="6" passed="6">
  <reporter-output>
  </reporter-output>
  <suite name="Surefire suite" duration-ms="51" started-at="2020-12-30T17:15:32Z" finished-at="2020-12-30T17:15:32Z">
    <groups>
    </groups>
    <test name="Surefire test" duration-ms="51" started-at="2020-12-30T17:15:32Z" finished-at="2020-12-30T17:15:32Z">
      <class name="qaclickacademy.AppiumTest">
        <test-method status="PASS" signature="IOSApps()[pri:0, instance:qaclickacademy.AppiumTest@2c6a3f77]" name="IOSApps" duration-ms="8" started-at="2020-12-30T11:15:32Z" finished-at="2020-12-30T11:15:32Z">
          <reporter-output>
          </reporter-output>
        </test-method> <!-- IOSApps -->
        <test-method status="PASS" signature="NativeAPpAndroid()[pri:0, instance:qaclickacademy.AppiumTest@2c6a3f77]" name="NativeAPpAndroid" duration-ms="1" started-at="2020-12-30T11:15:32Z" finished-at="2020-12-30T11:15:32Z">
          <reporter-output>
          </reporter-output>
        </test-method> <!-- NativeAPpAndroid -->
      </class> <!-- qaclickacademy.AppiumTest -->
      <class name="qaclickacademy.RESTAPITest">
        <test-method status="PASS" signature="deleteTwitter()[pri:0, instance:qaclickacademy.RESTAPITest@5315b42e]" name="deleteTwitter" duration-ms="0" started-at="2020-12-30T11:15:32Z" finished-at="2020-12-30T11:15:32Z">
          <reporter-output>
          </reporter-output>
        </test-method> <!-- deleteTwitter -->
        <test-method status="PASS" signature="postJira()[pri:0, instance:qaclickacademy.RESTAPITest@5315b42e]" name="postJira" duration-ms="0" started-at="2020-12-30T11:15:32Z" finished-at="2020-12-30T11:15:32Z">
          <reporter-output>
          </reporter-output>
        </test-method> <!-- postJira -->
      </class> <!-- qaclickacademy.RESTAPITest -->
      <class name="qaclickacademy.SeleniumTest">
        <test-method status="PASS" signature="BrowserAUtomation()[pri:0, instance:qaclickacademy.SeleniumTest@2ef9b8bc]" name="BrowserAUtomation" duration-ms="0" started-at="2020-12-30T11:15:32Z" finished-at="2020-12-30T11:15:32Z">
          <reporter-output>
          </reporter-output>
        </test-method> <!-- BrowserAUtomation -->
        <test-method status="PASS" signature="elementsUi()[pri:0, instance:qaclickacademy.SeleniumTest@2ef9b8bc]" name="elementsUi" duration-ms="0" started-at="2020-12-30T11:15:32Z" finished-at="2020-12-30T11:15:32Z">
          <reporter-output>
          </reporter-output>
        </test-method> <!-- elementsUi -->
      </class> <!-- qaclickacademy.SeleniumTest -->
    </test> <!-- Surefire test -->
  </suite> <!-- Surefire suite -->
</testng-results>
